<?xml version="1.0" encoding="UTF-8"?>
<!-- Generated by org.testng.reporters.JUnitReportReporter -->
<testsuite hostname="e60d" name="hply.webapp.T3ServiceTest" tests="1" failures="0" timestamp="13 Jul 2014 08:02:11 GMT" time="0.015" errors="0">
  <testcase name="hasMatchUser" time="0.015" classname="hply.webapp.T3ServiceTest"/>
</testsuite> <!-- hply.webapp.T3ServiceTest -->
